0 info it worked if it ends with ok
1 verbose cli [ '/usr/bin/nodejs', '/usr/bin/npm', 'publish' ]
2 info using npm@3.5.2
3 info using node@v4.2.6
4 verbose publish [ '.' ]
5 silly cache add args [ '.', null ]
6 verbose cache add spec .
7 silly cache add parsed spec Result {
7 silly cache add   raw: '.',
7 silly cache add   scope: null,
7 silly cache add   name: null,
7 silly cache add   rawSpec: '.',
7 silly cache add   spec: '/mnt/c/Users/johne/Sites/atd-browser-support',
7 silly cache add   type: 'directory' }
8 verbose addLocalDirectory /home/john/.npm/atd-browser-support/0.0.2/package.tgz not in flight; packing
9 info lifecycle atd-browser-support@0.0.2~prepublish: atd-browser-support@0.0.2
10 silly lifecycle atd-browser-support@0.0.2~prepublish: no script for prepublish, continuing
11 verbose tar pack [ '/home/john/.npm/atd-browser-support/0.0.2/package.tgz',
11 verbose tar pack   '/mnt/c/Users/johne/Sites/atd-browser-support' ]
12 verbose tarball /home/john/.npm/atd-browser-support/0.0.2/package.tgz
13 verbose folder /mnt/c/Users/johne/Sites/atd-browser-support
14 verbose addLocalTarball adding from inside cache /home/john/.npm/atd-browser-support/0.0.2/package.tgz
15 silly cache afterAdd atd-browser-support@0.0.2
16 verbose afterAdd /home/john/.npm/atd-browser-support/0.0.2/package/package.json not in flight; writing
17 verbose afterAdd /home/john/.npm/atd-browser-support/0.0.2/package/package.json written
18 silly publish { name: 'atd-browser-support',
18 silly publish   version: '0.0.2',
18 silly publish   description: 'Browser support module for web development',
18 silly publish   main: './dist/js/atd-browser-support.js',
18 silly publish   scripts: { webpack: 'webpack', http: 'http-server ./test' },
18 silly publish   repository:
18 silly publish    { type: 'git',
18 silly publish      url: 'git+https://github.com/airtightdesign/atd-browser-support.git' },
18 silly publish   keywords: [ 'frontend', 'browser-support', 'polyfills' ],
18 silly publish   author: { name: 'John Grahan', email: 'john@airtightdesign.com' },
18 silly publish   license: 'MIT',
18 silly publish   bugs: { url: 'https://github.com/airtightdesign/atd-browser-support/issues' },
18 silly publish   homepage: 'https://github.com/airtightdesign/atd-browser-support#readme',
18 silly publish   devDependencies:
18 silly publish    { 'babel-core': '^6.26.0',
18 silly publish      'babel-loader': '^7.1.2',
18 silly publish      'babel-preset-env': '^1.6.1',
18 silly publish      'classlist-polyfill': '^1.2.0',
18 silly publish      'console-polyfill': '^0.3.0',
18 silly publish      'es6-promise-polyfill': '^1.2.0',
18 silly publish      'fetch-polyfill': '^0.8.2',
18 silly publish      'http-server': '^0.11.1',
18 silly publish      webpack: '^3.10.0',
18 silly publish      'webpack-preset-env': '^1.0.0',
18 silly publish      'whatwg-fetch': '^2.0.3' },
18 silly publish   readme: '# ATD Browser Support\r\n\r\nhttps://philipwalton.com/articles/loading-polyfills-only-when-needed/\r\n\r\n## Model for Browser Support\r\n\r\n### Modern Browsers\r\n\r\n### Legacy Browsers\r\n\r\n#### Polyfills Included: \r\n\r\n- `fetch`\r\n- `Promise`\r\n\r\n### Deprecated Browsers\r\n\r\n#### Polyfills Included:\r\n\r\n- All Legacy polyfills plus\r\n- `classList`\r\n- `Console`',
18 silly publish   readmeFilename: 'README.md',
18 silly publish   gitHead: '14e371e95107447814a828184b91dc78b486784f',
18 silly publish   _id: 'atd-browser-support@0.0.2',
18 silly publish   _shasum: '51b6aaebdefd7b40a116f782cbbea554417a6007',
18 silly publish   _from: '.' }
19 verbose getPublishConfig undefined
20 silly mapToRegistry name atd-browser-support
21 silly mapToRegistry using default registry
22 silly mapToRegistry registry https://registry.npmjs.org/
23 silly mapToRegistry uri https://registry.npmjs.org/atd-browser-support
24 verbose publish registryBase https://registry.npmjs.org/
25 silly publish uploading /home/john/.npm/atd-browser-support/0.0.2/package.tgz
26 verbose request uri https://registry.npmjs.org/atd-browser-support
27 verbose request sending authorization for write operation
28 info attempt registry request try #1 at 8:31:54 PM
29 verbose request using bearer token for auth
30 verbose request id a5a0a133609e43d8
31 http request PUT https://registry.npmjs.org/atd-browser-support
32 http 403 https://registry.npmjs.org/atd-browser-support
33 verbose headers { 'content-type': 'application/json',
33 verbose headers   'cache-control': 'max-age=300',
33 verbose headers   'content-length': '91',
33 verbose headers   'accept-ranges': 'bytes',
33 verbose headers   date: 'Wed, 31 Jan 2018 01:31:56 GMT',
33 verbose headers   via: '1.1 varnish',
33 verbose headers   connection: 'keep-alive',
33 verbose headers   'x-served-by': 'cache-pdk17847-PDK',
33 verbose headers   'x-cache': 'MISS',
33 verbose headers   'x-cache-hits': '0',
33 verbose headers   'x-timer': 'S1517362315.348620,VS0,VE1452',
33 verbose headers   vary: 'Accept-Encoding, Accept' }
34 verbose request invalidating /home/john/.npm/registry.npmjs.org/atd-browser-support on PUT
35 error publish Failed PUT 403
36 verbose stack Error: You cannot publish over the previously published version 0.0.2. : atd-browser-support
36 verbose stack     at makeError (/usr/share/npm/node_modules/npm-registry-client/lib/request.js:264:12)
36 verbose stack     at CachingRegistryClient.<anonymous> (/usr/share/npm/node_modules/npm-registry-client/lib/request.js:252:14)
36 verbose stack     at Request._callback (/usr/share/npm/node_modules/npm-registry-client/lib/request.js:172:14)
36 verbose stack     at Request.self.callback (/usr/share/npm/node_modules/request/request.js:198:22)
36 verbose stack     at emitTwo (events.js:87:13)
36 verbose stack     at Request.emit (events.js:172:7)
36 verbose stack     at Request.<anonymous> (/usr/share/npm/node_modules/request/request.js:1082:10)
36 verbose stack     at emitOne (events.js:82:20)
36 verbose stack     at Request.emit (events.js:169:7)
36 verbose stack     at IncomingMessage.<anonymous> (/usr/share/npm/node_modules/request/request.js:1009:12)
37 verbose statusCode 403
38 verbose pkgid atd-browser-support
39 verbose cwd /mnt/c/Users/johne/Sites/atd-browser-support
40 error Linux 4.4.0-43-Microsoft
41 error argv "/usr/bin/nodejs" "/usr/bin/npm" "publish"
42 error node v4.2.6
43 error npm  v3.5.2
44 error code E403
45 error You cannot publish over the previously published version 0.0.2. : atd-browser-support
46 error If you need help, you may report this error at:
46 error     <https://github.com/npm/npm/issues>
47 verbose exit [ 1, true ]
